2019-10-19 16:24:36.093  INFO 4364 --- [main] com.xyz.lql.LqlApplication               : Starting LqlApplication on DESKTOP-2E91MM2 with PID 4364 (F:\lql\target\classes started by ASUS in F:\lql)
2019-10-19 16:24:36.107  INFO 4364 --- [main] com.xyz.lql.LqlApplication               : The following profiles are active: dev
2019-10-19 16:24:37.305  INFO 4364 --- [main] .s.d.r.c.RepositoryConfigurationDelegate : Multiple Spring Data modules found, entering strict repository configuration mode!
2019-10-19 16:24:37.308  INFO 4364 --- [main] .s.d.r.c.RepositoryConfigurationDelegate : Bootstrapping Spring Data repositories in DEFAULT mode.
2019-10-19 16:24:37.382  INFO 4364 --- [main] .s.d.r.c.RepositoryConfigurationDelegate : Finished Spring Data repository scanning in 17ms. Found 0 repository interfaces.
2019-10-19 16:24:37.794  INFO 4364 --- [main] trationDelegate$BeanPostProcessorChecker : Bean 'org.springframework.transaction.annotation.ProxyTransactionManagementConfiguration' of type [org.springframework.transaction.annotation.ProxyTransactionManagementConfiguration$$EnhancerBySpringCGLIB$$5810c251] is not eligible for getting processed by all BeanPostProcessors (for example: not eligible for auto-proxying)
2019-10-19 16:24:38.537  INFO 4364 --- [main] o.s.b.w.embedded.tomcat.TomcatWebServer  : Tomcat initialized with port(s): 3333 (http)
2019-10-19 16:24:38.572  INFO 4364 --- [main] o.apache.catalina.core.StandardService   : Starting service [Tomcat]
2019-10-19 16:24:38.573  INFO 4364 --- [main] org.apache.catalina.core.StandardEngine  : Starting Servlet engine: [Apache Tomcat/9.0.14]
2019-10-19 16:24:38.583  INFO 4364 --- [main] o.a.catalina.core.AprLifecycleListener   : The APR based Apache Tomcat Native library which allows optimal performance in production environments was not found on the java.library.path: [D:\jdk\bin;C:\WINDOWS\Sun\Java\bin;C:\WINDOWS\system32;C:\WINDOWS;D:\Users\ASUS\AppData\Local\Android\sdk\platform-tools;C:\ProgramData\Oracle\Java\javapath;C:\Program Files (x86)\Intel\iCLS Client\;C:\Program Files\Intel\iCLS Client\;C:\Windows\system32;C:\Windows;C:\Windows\System32\Wbem;C:\Windows\System32\WindowsPowerShell\v1.0\;C:\Program Files (x86)\NVIDIA Corporation\PhysX\Common;C:\Program Files (x86)\Intel\Intel(R) Management Engine Components\DAL;C:\Program Files\Intel\Intel(R) Management Engine Components\DAL;C:\Program Files (x86)\Intel\Intel(R) Management Engine Components\IPT;C:\Program Files\Intel\Intel(R) Management Engine Components\IPT;C:\Program Files\Intel\WiFi\bin\;C:\Program Files\Common Files\Intel\WirelessCommon\;D:\maven\apache-maven\bin;D:\jre\bin;d:\Program Files (x86)\Tesseract-OCR;D:\Program Files\TortoiseSVN\bin;C:\Program Files\MySQL\MySQL Server 5.7\bin;D:\Program Files\SlikSvn\bin;D:\nodejs\;H:\安全工具\nmap-7.60-win32\nmap-7.60;%Sy;temRoot%\system32;C:\WINDOWS;C:\WINDOWS\System32\Wbem;C:\WINDOWS\System32\WindowsPowerShell\v1.0\;D:\PROE5.0\bin;D:\PROE5.0\mech\bin;C:\WINDOWS\System32\OpenSSH\;D:\Program Files\Microsoft VS Code\bin;D:\Git\cmd;;C:\WINDOWS\system32;C:\Users\ASUS\AppData\Local\Programs\Python\Python36-32\Scripts\;C:\Users\ASUS\AppData\Local\Programs\Python\Python36-32\;C:\Users\ASUS\AppData\Roaming\npm;C:\Users\ASUS\AppData\Local\Microsoft\WindowsApps;;D:\Program Files\Microsoft VS Code\bin;.]
2019-10-19 16:24:38.713  INFO 4364 --- [main] o.a.c.c.C.[Tomcat].[localhost].[/push]   : Initializing Spring embedded WebApplicationContext
2019-10-19 16:24:40.864  WARN 4364 --- [main] o.s.b.a.f.FreeMarkerAutoConfiguration    : Cannot find template location(s): [classpath:/templates/] (please add some templates, check your FreeMarker configuration, or set spring.freemarker.checkTemplateLocation=false)
2019-10-19 16:24:41.029  INFO 4364 --- [main] d.s.w.p.DocumentationPluginsBootstrapper : Context refreshed
2019-10-19 16:24:41.050  INFO 4364 --- [main] d.s.w.p.DocumentationPluginsBootstrapper : Found 1 custom documentation plugin(s)
2019-10-19 16:24:41.067  INFO 4364 --- [main] s.d.s.w.s.ApiListingReferenceScanner     : Scanning for api listing references
2019-10-19 16:24:41.124  INFO 4364 --- [main] o.s.b.w.embedded.tomcat.TomcatWebServer  : Tomcat started on port(s): 3333 (http) with context path '/push'
2019-10-19 16:24:41.128  INFO 4364 --- [main] com.xyz.lql.LqlApplication               : Started LqlApplication in 5.982 seconds (JVM running for 8.207)
2019-10-19 16:25:32.327  INFO 4364 --- [http-nio-3333-exec-1] o.a.c.c.C.[Tomcat].[localhost].[/push]   : Initializing Spring DispatcherServlet 'dispatcherServlet'
2019-10-19 16:25:32.464  INFO 4364 --- [http-nio-3333-exec-2] com.xyz.lql.config.WebLogAspect          : 请求URL------	: http://localhost:3333/push/userManager/login
2019-10-19 16:25:32.464  INFO 4364 --- [http-nio-3333-exec-2] com.xyz.lql.config.WebLogAspect          : 请求类型-----	: POST
2019-10-19 16:25:32.464  INFO 4364 --- [http-nio-3333-exec-2] com.xyz.lql.config.WebLogAspect          : 请求IP-------: 0:0:0:0:0:0:0:1
2019-10-19 16:25:32.468  INFO 4364 --- [http-nio-3333-exec-2] com.xyz.lql.config.WebLogAspect          : 请求的方法---	: com.xyz.lql.controller.userManager.UserManagerController.userLogin
2019-10-19 16:25:32.587  INFO 4364 --- [http-nio-3333-exec-2] com.xyz.lql.config.WebLogAspect          : 请求参数-----	: {"password":"admin","userName":"admin"}
2019-10-19 16:25:32.641 ERROR 4364 --- [http-nio-3333-exec-2] com.alibaba.druid.pool.DruidDataSource   : testWhileIdle is true, validationQuery not set
2019-10-19 16:25:32.843  INFO 4364 --- [http-nio-3333-exec-2] com.xyz.lql.config.WebLogAspect          : 响应数据-----	:{"data":{"menuInfoList":[{"childMenuList":[{"id":"2","name":"菜单列表","url":"menulist"},{"id":"3","name":"用户列表","url":"userlist"}],"icon":"el-icon-info","id":"1","name":"用户管理"}],"userInfo":{"createBy":"0","createTime":1546300800000,"id":"0","loginName":"admin","name":"超级管理员","password":"admin","roleId":"0","updateBy":"0","updateTime":1546300800000}},"errCode":0,"errMsg":"请求成功"}
2019-10-19 16:25:32.844  INFO 4364 --- [http-nio-3333-exec-2] com.xyz.lql.config.WebLogAspect          : 处理时间-----	: 381ms
2019-10-19 17:38:06.965  INFO 4364 --- [http-nio-3333-exec-4] com.xyz.lql.config.WebLogAspect          : 请求URL------	: http://localhost:3333/push/userManager/login
2019-10-19 17:38:06.965  INFO 4364 --- [http-nio-3333-exec-4] com.xyz.lql.config.WebLogAspect          : 请求类型-----	: POST
2019-10-19 17:38:06.965  INFO 4364 --- [http-nio-3333-exec-4] com.xyz.lql.config.WebLogAspect          : 请求IP-------: 0:0:0:0:0:0:0:1
2019-10-19 17:38:06.966  INFO 4364 --- [http-nio-3333-exec-4] com.xyz.lql.config.WebLogAspect          : 请求的方法---	: com.xyz.lql.controller.userManager.UserManagerController.userLogin
2019-10-19 17:38:06.966  INFO 4364 --- [http-nio-3333-exec-4] com.xyz.lql.config.WebLogAspect          : 请求参数-----	: {"password":"admin","userName":"admin"}
2019-10-19 17:38:06.984  INFO 4364 --- [http-nio-3333-exec-4] com.xyz.lql.config.WebLogAspect          : 响应数据-----	:{"data":{"menuInfoList":[{"childMenuList":[{"id":"2","name":"菜单列表","url":"menulist"},{"id":"3","name":"用户列表","url":"userlist"}],"icon":"el-icon-info","id":"1","name":"用户管理"}],"userInfo":{"createBy":"0","createTime":1546300800000,"id":"0","loginName":"admin","name":"超级管理员","password":"admin","roleId":"0","updateBy":"0","updateTime":1546300800000}},"errCode":0,"errMsg":"请求成功"}
2019-10-19 17:38:06.984  INFO 4364 --- [http-nio-3333-exec-4] com.xyz.lql.config.WebLogAspect          : 处理时间-----	: 19ms
